Development only script for Hyperledger Fabric control
Running 'startFabric.sh'
FABRIC_VERSION is unset, assuming hlfv1
FABRIC_START_TIMEOUT is unset, assuming 15 (seconds)

#Detect architecture
ARCH=`uname -m`
uname -m

# Grab the current directory
DIR="$( cd "$( dirname "${BASH_SOURCE[0]}" )" && pwd )"
 cd "$( dirname "${BASH_SOURCE[0]}" )" && pwd 
 dirname "${BASH_SOURCE[0]}" 

#

ARCH=$ARCH docker-compose -f "${DIR}"/composer/docker-compose.yml down
Removing network composer_default
ARCH=$ARCH docker-compose -f "${DIR}"/composer/docker-compose.yml up -d
Creating network "composer_default" with the default driver
Creating ca.org1.example.com ... 
Creating orderer.example.com ... 
Creating couchdb ... 
Creating orderer.example.com
Creating ca.org1.example.com
Creating couchdb
[1A[2KCreating ca.org1.example.com ... [32mdone[0m[1B[1A[2KCreating couchdb ... [32mdone[0m[1B[1A[2KCreating orderer.example.com ... [32mdone[0m[1BCreating peer0.org1.example.com ... 
Creating peer0.org1.example.com
[1A[2KCreating peer0.org1.example.com ... [32mdone[0m[1B
# wait for Hyperledger Fabric to start
# incase of errors when running later commands, issue export FABRIC_START_TIMEOUT=<larger number>
echo ${FABRIC_START_TIMEOUT}
15
sleep ${FABRIC_START_TIMEOUT}

# Create the channel
docker exec peer0.org1.example.com peer channel create -o orderer.example.com:7050 -c composerchannel -f /etc/hyperledger/configtx/composer-channel.tx
[36m2018-09-06 13:34:02.599 UTC [msp] GetLocalMSP -> DEBU 001[0m Returning existing local MSP
[36m2018-09-06 13:34:02.600 UTC [msp] GetDefaultSigningIdentity -> DEBU 002[0m Obtaining default signing identity
2018-09-06 13:34:02.610 UTC [channelCmd] InitCmdFactory -> INFO 003[0m Endorser and orderer connections initialized
[36m2018-09-06 13:34:02.618 UTC [msp] GetLocalMSP -> DEBU 004[0m Returning existing local MSP
[36m2018-09-06 13:34:02.619 UTC [msp] GetDefaultSigningIdentity -> DEBU 005[0m Obtaining default signing identity
[36m2018-09-06 13:34:02.620 UTC [msp] GetLocalMSP -> DEBU 006[0m Returning existing local MSP
[36m2018-09-06 13:34:02.621 UTC [msp] GetDefaultSigningIdentity -> DEBU 007[0m Obtaining default signing identity
[36m2018-09-06 13:34:02.622 UTC [msp/identity] Sign -> DEBU 008[0m Sign: plaintext: 0A8C060A074F7267314D53501280062D...6D706F736572436F6E736F727469756D 
[36m2018-09-06 13:34:02.622 UTC [msp/identity] Sign -> DEBU 009[0m Sign: digest: 7027ECEC3DB4F0175142C43E8EC6E5037696703CF2FCCFF94825BAECE6E35D5A 
[36m2018-09-06 13:34:02.624 UTC [msp] GetLocalMSP -> DEBU 00a[0m Returning existing local MSP
[36m2018-09-06 13:34:02.625 UTC [msp] GetDefaultSigningIdentity -> DEBU 00b[0m Obtaining default signing identity
[36m2018-09-06 13:34:02.626 UTC [msp] GetLocalMSP -> DEBU 00c[0m Returning existing local MSP
[36m2018-09-06 13:34:02.626 UTC [msp] GetDefaultSigningIdentity -> DEBU 00d[0m Obtaining default signing identity
[36m2018-09-06 13:34:02.627 UTC [msp/identity] Sign -> DEBU 00e[0m Sign: plaintext: 0AC9060A1B08021A0608CAD9C4DC0522...2A133EFFF44665FE1BB456EBB582805B 
[36m2018-09-06 13:34:02.628 UTC [msp/identity] Sign -> DEBU 00f[0m Sign: digest: E7CEACF5CF619C5542DB8E7663BF72EBF86AA68D28D59BD3F353FB50E6FD6818 
[36m2018-09-06 13:34:02.964 UTC [msp] GetLocalMSP -> DEBU 010[0m Returning existing local MSP
[36m2018-09-06 13:34:02.964 UTC [msp] GetDefaultSigningIdentity -> DEBU 011[0m Obtaining default signing identity
[36m2018-09-06 13:34:02.965 UTC [msp] GetLocalMSP -> DEBU 012[0m Returning existing local MSP
[36m2018-09-06 13:34:02.965 UTC [msp] GetDefaultSigningIdentity -> DEBU 013[0m Obtaining default signing identity
[36m2018-09-06 13:34:02.965 UTC [msp/identity] Sign -> DEBU 014[0m Sign: plaintext: 0AC9060A1B08021A0608CAD9C4DC0522...301081F97D5512080A021A0012021A00 
[36m2018-09-06 13:34:02.966 UTC [msp/identity] Sign -> DEBU 015[0m Sign: digest: 1DFAB56A6CB10593D8699D7B901125B0F8A5F97EF0C2119AF086135A702A63BD 
[36m2018-09-06 13:34:03.010 UTC [channelCmd] readBlock -> DEBU 016[0m Got status: &{NOT_FOUND}
[36m2018-09-06 13:34:03.011 UTC [msp] GetLocalMSP -> DEBU 017[0m Returning existing local MSP
[36m2018-09-06 13:34:03.011 UTC [msp] GetDefaultSigningIdentity -> DEBU 018[0m Obtaining default signing identity
2018-09-06 13:34:03.015 UTC [channelCmd] InitCmdFactory -> INFO 019[0m Endorser and orderer connections initialized
[36m2018-09-06 13:34:03.216 UTC [msp] GetLocalMSP -> DEBU 01a[0m Returning existing local MSP
[36m2018-09-06 13:34:03.216 UTC [msp] GetDefaultSigningIdentity -> DEBU 01b[0m Obtaining default signing identity
[36m2018-09-06 13:34:03.216 UTC [msp] GetLocalMSP -> DEBU 01c[0m Returning existing local MSP
[36m2018-09-06 13:34:03.216 UTC [msp] GetDefaultSigningIdentity -> DEBU 01d[0m Obtaining default signing identity
[36m2018-09-06 13:34:03.216 UTC [msp/identity] Sign -> DEBU 01e[0m Sign: plaintext: 0AC9060A1B08021A0608CBD9C4DC0522...610BADE206D012080A021A0012021A00 
[36m2018-09-06 13:34:03.216 UTC [msp/identity] Sign -> DEBU 01f[0m Sign: digest: 4186AF4F7F209AF492DADEA8AFA0DCCD6A4B69FB3909EF5E792C8E7EBAD29F21 
[36m2018-09-06 13:34:03.227 UTC [channelCmd] readBlock -> DEBU 020[0m Received block: 0
2018-09-06 13:34:03.228 UTC [main] main -> INFO 021[0m Exiting.....

# Join peer0.org1.example.com to the channel.
docker exec -e "CORE_PEER_MSPCONFIGPATH=/etc/hyperledger/msp/users/Admin@org1.example.com/msp" peer0.org1.example.com peer channel join -b composerchannel.block
[36m2018-09-06 13:34:03.643 UTC [msp] GetLocalMSP -> DEBU 001[0m Returning existing local MSP
[36m2018-09-06 13:34:03.643 UTC [msp] GetDefaultSigningIdentity -> DEBU 002[0m Obtaining default signing identity
2018-09-06 13:34:03.646 UTC [channelCmd] InitCmdFactory -> INFO 003[0m Endorser and orderer connections initialized
[36m2018-09-06 13:34:03.648 UTC [msp/identity] Sign -> DEBU 004[0m Sign: plaintext: 0A8A070A5C08011A0C08CBD9C4DC0510...9EC5095957981A080A000A000A000A00 
[36m2018-09-06 13:34:03.648 UTC [msp/identity] Sign -> DEBU 005[0m Sign: digest: CB12284ED0D74FCDB7954724F79705602D795C6D8CF664F7F6323C80400868B6 
2018-09-06 13:34:03.920 UTC [channelCmd] executeJoin -> INFO 006[0m Peer joined the channel!
2018-09-06 13:34:03.922 UTC [main] main -> INFO 007[0m Exiting.....
Development only script for Hyperledger Fabric control
Running 'createPeerAdminCard.sh'
FABRIC_VERSION is unset, assuming hlfv1
FABRIC_START_TIMEOUT is unset, assuming 15 (seconds)

Using composer-cli at v0.16.4
Deleted Business Network Card: PeerAdmin@hlfv1

Command succeeded


Successfully created business network card file to 
	Output file: /tmp/PeerAdmin@hlfv1.card

Command succeeded


Successfully imported business network card
	Card file: /tmp/PeerAdmin@hlfv1.card
	Card name: PeerAdmin@hlfv1

Command succeeded

Hyperledger Composer PeerAdmin card has been imported
The following Business Network Cards are available:

Connection Profile: fabric-network
[90mâ”Œâ”€â”€â”€â”€â”€â”€â”€â”€â”€â”€â”€â”€â”€â”€â”€â”€â”€â”€â”€â”€â”€â”€â”€â”€â”€â”€â”¬â”€â”€â”€â”€â”€â”€â”€â”€â”€â”€â”€â”¬â”€â”€â”€â”€â”€â”€â”€â”€â”€â”€â”€â”€â”€â”€â”€â”€â”€â”€â”[39m
[90mâ”‚[39m[31m Card Name                [39m[90mâ”‚[39m[31m UserId    [39m[90mâ”‚[39m[31m Business Network [39m[90mâ”‚[39m
[90mâ”œâ”€â”€â”€â”€â”€â”€â”€â”€â”€â”€â”€â”€â”€â”€â”€â”€â”€â”€â”€â”€â”€â”€â”€â”€â”€â”€â”¼â”€â”€â”€â”€â”€â”€â”€â”€â”€â”€â”€â”¼â”€â”€â”€â”€â”€â”€â”€â”€â”€â”€â”€â”€â”€â”€â”€â”€â”€â”€â”¤[39m
[90mâ”‚[39m admin@fabric-network     [90mâ”‚[39m admin     [90mâ”‚[39m fabric-network   [90mâ”‚[39m
[90mâ”œâ”€â”€â”€â”€â”€â”€â”€â”€â”€â”€â”€â”€â”€â”€â”€â”€â”€â”€â”€â”€â”€â”€â”€â”€â”€â”€â”¼â”€â”€â”€â”€â”€â”€â”€â”€â”€â”€â”€â”¼â”€â”€â”€â”€â”€â”€â”€â”€â”€â”€â”€â”€â”€â”€â”€â”€â”€â”€â”¤[39m
[90mâ”‚[39m PeerAdmin@fabric-network [90mâ”‚[39m PeerAdmin [90mâ”‚[39m                  [90mâ”‚[39m
[90mâ””â”€â”€â”€â”€â”€â”€â”€â”€â”€â”€â”€â”€â”€â”€â”€â”€â”€â”€â”€â”€â”€â”€â”€â”€â”€â”€â”´â”€â”€â”€â”€â”€â”€â”€â”€â”€â”€â”€â”´â”€â”€â”€â”€â”€â”€â”€â”€â”€â”€â”€â”€â”€â”€â”€â”€â”€â”€â”˜[39m


Connection Profile: hlfv1
[90mâ”Œâ”€â”€â”€â”€â”€â”€â”€â”€â”€â”€â”€â”€â”€â”€â”€â”€â”€â”€â”€â”€â”¬â”€â”€â”€â”€â”€â”€â”€â”€â”€â”€â”€â”¬â”€â”€â”€â”€â”€â”€â”€â”€â”€â”€â”€â”€â”€â”€â”€â”€â”€â”€â”[39m
[90mâ”‚[39m[31m Card Name          [39m[90mâ”‚[39m[31m UserId    [39m[90mâ”‚[39m[31m Business Network [39m[90mâ”‚[39m
[90mâ”œâ”€â”€â”€â”€â”€â”€â”€â”€â”€â”€â”€â”€â”€â”€â”€â”€â”€â”€â”€â”€â”¼â”€â”€â”€â”€â”€â”€â”€â”€â”€â”€â”€â”¼â”€â”€â”€â”€â”€â”€â”€â”€â”€â”€â”€â”€â”€â”€â”€â”€â”€â”€â”¤[39m
[90mâ”‚[39m PeerAdmin@hlfv1    [90mâ”‚[39m PeerAdmin [90mâ”‚[39m                  [90mâ”‚[39m
[90mâ”œâ”€â”€â”€â”€â”€â”€â”€â”€â”€â”€â”€â”€â”€â”€â”€â”€â”€â”€â”€â”€â”¼â”€â”€â”€â”€â”€â”€â”€â”€â”€â”€â”€â”¼â”€â”€â”€â”€â”€â”€â”€â”€â”€â”€â”€â”€â”€â”€â”€â”€â”€â”€â”¤[39m
[90mâ”‚[39m admin@news-network [90mâ”‚[39m admin     [90mâ”‚[39m news-network     [90mâ”‚[39m
[90mâ””â”€â”€â”€â”€â”€â”€â”€â”€â”€â”€â”€â”€â”€â”€â”€â”€â”€â”€â”€â”€â”´â”€â”€â”€â”€â”€â”€â”€â”€â”€â”€â”€â”´â”€â”€â”€â”€â”€â”€â”€â”€â”€â”€â”€â”€â”€â”€â”€â”€â”€â”€â”˜[39m


Issue composer card list --name <Card Name> to get details a specific card

Command succeeded

âœ” Installing runtime for business network news-network. This may take a minute...

Command succeeded

Starting business network from archive: news-network@1.1.0.bna
Business network definition:
	Identifier: news-network@1.1.0
	Description: The decentralized news network

Processing these Network Admins: 
	userName: admin

âœ” Starting business network definition. This may take a minute...
Successfully created business network card:
	Filename: admin@news-network

Command succeeded

Error: Card already exists: admin@news-network
Command failed

Discovering types from business network definition ...
Discovered types from business network definition
Generating schemas for all types in business network definition ...
Registering named query: selectAssetsbyOwner
Generated schemas for all types in business network definition
Adding schemas for all types to Loopback ...
Added schemas for all types to Loopback
Web server listening at: http://localhost:3000
Browse your REST API at http://localhost:3000/explorer
